0 verbose cli /usr/bin/node /usr/bin/npm
1 info using npm@9.7.2
2 info using node@v18.16.1
3 timing npm:load:whichnode Completed in 2ms
4 timing config:load:defaults Completed in 1ms
5 timing config:load:file:/usr/lib/node_modules/npm/npmrc Completed in 1ms
6 timing config:load:builtin Completed in 1ms
7 timing config:load:cli Completed in 1ms
8 timing config:load:env Completed in 1ms
9 timing config:load:file:/var/www/.npmrc Completed in 0ms
10 timing config:load:project Completed in 2ms
11 timing config:load:file:/var/www/.home/.npmrc Completed in 0ms
12 timing config:load:user Completed in 0ms
13 timing config:load:file:/usr/etc/npmrc Completed in 0ms
14 timing config:load:global Completed in 0ms
15 timing config:load:setEnvs Completed in 1ms
16 timing config:load Completed in 7ms
17 timing npm:load:configload Completed in 7ms
18 timing config:load:flatten Completed in 1ms
19 timing npm:load:mkdirpcache Completed in 1ms
20 timing npm:load:mkdirplogs Completed in 0ms
21 verbose title npm ci
22 verbose argv "ci"
23 timing npm:load:setTitle Completed in 0ms
24 timing npm:load:display Completed in 1ms
25 verbose logfile logs-max:10 dir:/var/www/.home/.npm/_logs/2023-07-27T15_12_53_273Z-
26 verbose logfile /var/www/.home/.npm/_logs/2023-07-27T15_12_53_273Z-debug-0.log
27 timing npm:load:logFile Completed in 6ms
28 timing npm:load:timers Completed in 0ms
29 timing npm:load:configScope Completed in 0ms
30 timing npm:load Completed in 27ms
31 timing arborist:ctor Completed in 0ms
32 silly logfile done cleaning log files
33 timing idealTree:init Completed in 19ms
34 timing idealTree:userRequests Completed in 0ms
35 silly idealTree buildDeps
36 timing idealTree:#root Completed in 0ms
37 timing idealTree:buildDeps Completed in 1ms
38 timing idealTree:fixDepFlags Completed in 0ms
39 timing idealTree Completed in 23ms
40 timing npm-ci:rm Completed in 163ms
41 timing reify:loadTrees Completed in 2ms
42 timing reify:diffTrees Completed in 3ms
43 silly reify moves {}
44 timing reify:retireShallow Completed in 2ms
45 timing reify:createSparse Completed in 4ms
46 timing reify:loadBundles Completed in 0ms
47 silly audit bulk request {
47 silly audit   '@babel/parser': [ '7.22.7' ],
47 silly audit   '@esbuild/android-arm': [ '0.18.17' ],
47 silly audit   '@esbuild/android-arm64': [ '0.18.17' ],
47 silly audit   '@esbuild/android-x64': [ '0.18.17' ],
47 silly audit   '@esbuild/darwin-arm64': [ '0.18.17' ],
47 silly audit   '@esbuild/darwin-x64': [ '0.18.17' ],
47 silly audit   '@esbuild/freebsd-arm64': [ '0.18.17' ],
47 silly audit   '@esbuild/freebsd-x64': [ '0.18.17' ],
47 silly audit   '@esbuild/linux-arm': [ '0.18.17' ],
47 silly audit   '@esbuild/linux-arm64': [ '0.18.17' ],
47 silly audit   '@esbuild/linux-ia32': [ '0.18.17' ],
47 silly audit   '@esbuild/linux-loong64': [ '0.18.17' ],
47 silly audit   '@esbuild/linux-mips64el': [ '0.18.17' ],
47 silly audit   '@esbuild/linux-ppc64': [ '0.18.17' ],
47 silly audit   '@esbuild/linux-riscv64': [ '0.18.17' ],
47 silly audit   '@esbuild/linux-s390x': [ '0.18.17' ],
47 silly audit   '@esbuild/linux-x64': [ '0.18.17' ],
47 silly audit   '@esbuild/netbsd-x64': [ '0.18.17' ],
47 silly audit   '@esbuild/openbsd-x64': [ '0.18.17' ],
47 silly audit   '@esbuild/sunos-x64': [ '0.18.17' ],
47 silly audit   '@esbuild/win32-arm64': [ '0.18.17' ],
47 silly audit   '@esbuild/win32-ia32': [ '0.18.17' ],
47 silly audit   '@esbuild/win32-x64': [ '0.18.17' ],
47 silly audit   '@inertiajs/core': [ '1.0.9' ],
47 silly audit   '@inertiajs/vue3': [ '1.0.9' ],
47 silly audit   '@jridgewell/sourcemap-codec': [ '1.4.15' ],
47 silly audit   '@vue/compiler-core': [ '3.3.4' ],
47 silly audit   '@vue/compiler-dom': [ '3.3.4' ],
47 silly audit   '@vue/compiler-sfc': [ '3.3.4' ],
47 silly audit   '@vue/compiler-ssr': [ '3.3.4' ],
47 silly audit   '@vue/reactivity': [ '3.3.4' ],
47 silly audit   '@vue/reactivity-transform': [ '3.3.4' ],
47 silly audit   '@vue/runtime-core': [ '3.3.4' ],
47 silly audit   '@vue/runtime-dom': [ '3.3.4' ],
47 silly audit   '@vue/server-renderer': [ '3.3.4' ],
47 silly audit   '@vue/shared': [ '3.3.4' ],
47 silly audit   asynckit: [ '0.4.0' ],
47 silly audit   axios: [ '1.4.0' ],
47 silly audit   'call-bind': [ '1.0.2' ],
47 silly audit   'combined-stream': [ '1.0.8' ],
47 silly audit   csstype: [ '3.1.2' ],
47 silly audit   deepmerge: [ '4.3.1' ],
47 silly audit   'delayed-stream': [ '1.0.0' ],
47 silly audit   esbuild: [ '0.18.17' ],
47 silly audit   'estree-walker': [ '2.0.2' ],
47 silly audit   'follow-redirects': [ '1.15.2' ],
47 silly audit   'form-data': [ '4.0.0' ],
47 silly audit   fsevents: [ '2.3.2' ],
47 silly audit   'function-bind': [ '1.1.1' ],
47 silly audit   'get-intrinsic': [ '1.2.1' ],
47 silly audit   has: [ '1.0.3' ],
47 silly audit   'has-proto': [ '1.0.1' ],
47 silly audit   'has-symbols': [ '1.0.3' ],
47 silly audit   'laravel-vite-plugin': [ '0.7.8' ],
47 silly audit   'lodash.clonedeep': [ '4.5.0' ],
47 silly audit   'lodash.isequal': [ '4.5.0' ],
47 silly audit   'magic-string': [ '0.30.1' ],
47 silly audit   'mime-db': [ '1.52.0' ],
47 silly audit   'mime-types': [ '2.1.35' ],
47 silly audit   nanoid: [ '3.3.6' ],
47 silly audit   nprogress: [ '0.2.0' ],
47 silly audit   'object-inspect': [ '1.12.3' ],
47 silly audit   picocolors: [ '1.0.0' ],
47 silly audit   picomatch: [ '2.3.1' ],
47 silly audit   postcss: [ '8.4.27' ],
47 silly audit   'proxy-from-env': [ '1.1.0' ],
47 silly audit   qs: [ '6.11.2' ],
47 silly audit   rollup: [ '3.26.3' ],
47 silly audit   'side-channel': [ '1.0.4' ],
47 silly audit   'source-map-js': [ '1.0.2' ],
47 silly audit   vite: [ '4.4.7' ],
47 silly audit   'vite-plugin-full-reload': [ '1.0.5' ],
47 silly audit   vue: [ '3.3.4' ]
47 silly audit }
48 verbose reify failed optional dependency /var/www/node_modules/fsevents
49 silly reify mark deleted [ '/var/www/node_modules/fsevents' ]
50 verbose reify failed optional dependency /var/www/node_modules/@esbuild/win32-x64
51 silly reify mark deleted [ '/var/www/node_modules/@esbuild/win32-x64' ]
52 verbose reify failed optional dependency /var/www/node_modules/@esbuild/win32-ia32
53 silly reify mark deleted [ '/var/www/node_modules/@esbuild/win32-ia32' ]
54 verbose reify failed optional dependency /var/www/node_modules/@esbuild/win32-arm64
55 silly reify mark deleted [ '/var/www/node_modules/@esbuild/win32-arm64' ]
56 verbose reify failed optional dependency /var/www/node_modules/@esbuild/sunos-x64
57 silly reify mark deleted [ '/var/www/node_modules/@esbuild/sunos-x64' ]
58 verbose reify failed optional dependency /var/www/node_modules/@esbuild/openbsd-x64
59 silly reify mark deleted [ '/var/www/node_modules/@esbuild/openbsd-x64' ]
60 verbose reify failed optional dependency /var/www/node_modules/@esbuild/netbsd-x64
61 silly reify mark deleted [ '/var/www/node_modules/@esbuild/netbsd-x64' ]
62 verbose reify failed optional dependency /var/www/node_modules/@esbuild/linux-s390x
63 silly reify mark deleted [ '/var/www/node_modules/@esbuild/linux-s390x' ]
64 verbose reify failed optional dependency /var/www/node_modules/@esbuild/linux-riscv64
65 silly reify mark deleted [ '/var/www/node_modules/@esbuild/linux-riscv64' ]
66 verbose reify failed optional dependency /var/www/node_modules/@esbuild/linux-ppc64
67 silly reify mark deleted [ '/var/www/node_modules/@esbuild/linux-ppc64' ]
68 verbose reify failed optional dependency /var/www/node_modules/@esbuild/linux-mips64el
69 silly reify mark deleted [ '/var/www/node_modules/@esbuild/linux-mips64el' ]
70 verbose reify failed optional dependency /var/www/node_modules/@esbuild/linux-loong64
71 silly reify mark deleted [ '/var/www/node_modules/@esbuild/linux-loong64' ]
72 verbose reify failed optional dependency /var/www/node_modules/@esbuild/linux-ia32
73 silly reify mark deleted [ '/var/www/node_modules/@esbuild/linux-ia32' ]
74 verbose reify failed optional dependency /var/www/node_modules/@esbuild/linux-arm64
75 silly reify mark deleted [ '/var/www/node_modules/@esbuild/linux-arm64' ]
76 verbose reify failed optional dependency /var/www/node_modules/@esbuild/linux-arm
77 silly reify mark deleted [ '/var/www/node_modules/@esbuild/linux-arm' ]
78 verbose reify failed optional dependency /var/www/node_modules/@esbuild/freebsd-x64
79 silly reify mark deleted [ '/var/www/node_modules/@esbuild/freebsd-x64' ]
80 verbose reify failed optional dependency /var/www/node_modules/@esbuild/freebsd-arm64
81 silly reify mark deleted [ '/var/www/node_modules/@esbuild/freebsd-arm64' ]
82 verbose reify failed optional dependency /var/www/node_modules/@esbuild/darwin-x64
83 silly reify mark deleted [ '/var/www/node_modules/@esbuild/darwin-x64' ]
84 verbose reify failed optional dependency /var/www/node_modules/@esbuild/darwin-arm64
85 silly reify mark deleted [ '/var/www/node_modules/@esbuild/darwin-arm64' ]
86 verbose reify failed optional dependency /var/www/node_modules/@esbuild/android-x64
87 silly reify mark deleted [ '/var/www/node_modules/@esbuild/android-x64' ]
88 verbose reify failed optional dependency /var/www/node_modules/@esbuild/android-arm64
89 silly reify mark deleted [ '/var/www/node_modules/@esbuild/android-arm64' ]
90 verbose reify failed optional dependency /var/www/node_modules/@esbuild/android-arm
91 silly reify mark deleted [ '/var/www/node_modules/@esbuild/android-arm' ]
92 timing reifyNode:node_modules/fsevents Completed in 101ms
93 timing reifyNode:node_modules/@esbuild/win32-x64 Completed in 99ms
94 timing reifyNode:node_modules/@esbuild/win32-ia32 Completed in 100ms
95 timing reifyNode:node_modules/@esbuild/win32-arm64 Completed in 100ms
96 timing reifyNode:node_modules/@esbuild/sunos-x64 Completed in 100ms
97 timing reifyNode:node_modules/@esbuild/openbsd-x64 Completed in 100ms
98 timing reifyNode:node_modules/@esbuild/netbsd-x64 Completed in 100ms
99 timing reifyNode:node_modules/@esbuild/linux-s390x Completed in 100ms
100 timing reifyNode:node_modules/@esbuild/linux-riscv64 Completed in 100ms
101 timing reifyNode:node_modules/@esbuild/linux-ppc64 Completed in 100ms
102 timing reifyNode:node_modules/@esbuild/linux-mips64el Completed in 99ms
103 timing reifyNode:node_modules/@esbuild/linux-loong64 Completed in 99ms
104 timing reifyNode:node_modules/@esbuild/linux-ia32 Completed in 99ms
105 timing reifyNode:node_modules/@esbuild/linux-arm64 Completed in 99ms
106 timing reifyNode:node_modules/@esbuild/linux-arm Completed in 99ms
107 timing reifyNode:node_modules/@esbuild/freebsd-x64 Completed in 99ms
108 timing reifyNode:node_modules/@esbuild/freebsd-arm64 Completed in 99ms
109 timing reifyNode:node_modules/@esbuild/darwin-x64 Completed in 99ms
110 timing reifyNode:node_modules/@esbuild/darwin-arm64 Completed in 99ms
111 timing reifyNode:node_modules/@esbuild/android-x64 Completed in 99ms
112 timing reifyNode:node_modules/@esbuild/android-arm64 Completed in 99ms
113 timing reifyNode:node_modules/@esbuild/android-arm Completed in 99ms
114 timing reifyNode:node_modules/combined-stream Completed in 398ms
115 timing reifyNode:node_modules/vite-plugin-full-reload Completed in 402ms
116 timing reifyNode:node_modules/picocolors Completed in 402ms
117 timing reifyNode:node_modules/mime-types Completed in 402ms
118 timing reifyNode:node_modules/lodash.isequal Completed in 401ms
119 timing reifyNode:node_modules/lodash.clonedeep Completed in 401ms
120 timing reifyNode:node_modules/has Completed in 401ms
121 timing reifyNode:node_modules/delayed-stream Completed in 400ms
122 timing reifyNode:node_modules/@vue/compiler-ssr Completed in 466ms
123 timing reifyNode:node_modules/@vue/reactivity-transform Completed in 467ms
124 timing reifyNode:node_modules/has-proto Completed in 471ms
125 timing reifyNode:node_modules/follow-redirects Completed in 472ms
126 timing reifyNode:node_modules/proxy-from-env Completed in 474ms
127 timing reifyNode:node_modules/form-data Completed in 475ms
128 timing reifyNode:node_modules/side-channel Completed in 479ms
129 timing reifyNode:node_modules/laravel-vite-plugin Completed in 479ms
130 timing reifyNode:node_modules/get-intrinsic Completed in 479ms
131 timing reifyNode:node_modules/function-bind Completed in 479ms
132 timing reifyNode:node_modules/@vue/shared Completed in 479ms
133 timing reifyNode:node_modules/nprogress Completed in 481ms
134 timing reifyNode:node_modules/deepmerge Completed in 480ms
135 timing reifyNode:node_modules/call-bind Completed in 480ms
136 timing reifyNode:node_modules/@jridgewell/sourcemap-codec Completed in 479ms
137 timing reifyNode:node_modules/picomatch Completed in 483ms
138 timing reifyNode:node_modules/esbuild Completed in 483ms
139 timing reifyNode:node_modules/has-symbols Completed in 485ms
140 timing reifyNode:node_modules/mime-db Completed in 486ms
141 timing reifyNode:node_modules/asynckit Completed in 485ms
142 timing reifyNode:node_modules/estree-walker Completed in 493ms
143 timing reifyNode:node_modules/@vue/reactivity Completed in 495ms
144 timing reifyNode:node_modules/source-map-js Completed in 500ms
145 timing reifyNode:node_modules/@inertiajs/vue3 Completed in 497ms
146 timing reifyNode:node_modules/nanoid Completed in 501ms
147 timing reifyNode:node_modules/@vue/server-renderer Completed in 502ms
148 timing reifyNode:node_modules/magic-string Completed in 508ms
149 timing reifyNode:node_modules/qs Completed in 572ms
150 timing reifyNode:node_modules/@inertiajs/core Completed in 569ms
151 timing reifyNode:node_modules/@vue/compiler-core Completed in 569ms
152 timing reifyNode:node_modules/object-inspect Completed in 574ms
153 timing reifyNode:node_modules/@vue/runtime-core Completed in 577ms
154 timing reifyNode:node_modules/@vue/compiler-dom Completed in 576ms
155 http fetch POST 200 https://registry.npmjs.org/-/npm/v1/security/advisories/bulk 594ms
156 timing auditReport:getReport Completed in 599ms
157 silly audit report {}
158 timing auditReport:init Completed in 0ms
159 timing reify:audit Completed in 600ms
160 timing reifyNode:node_modules/postcss Completed in 596ms
161 timing reifyNode:node_modules/@vue/runtime-dom Completed in 594ms
162 timing reifyNode:node_modules/csstype Completed in 594ms
163 timing reifyNode:node_modules/@vue/compiler-sfc Completed in 603ms
164 timing reifyNode:node_modules/vue Completed in 671ms
165 timing reifyNode:node_modules/rollup Completed in 676ms
166 timing reifyNode:node_modules/axios Completed in 677ms
167 timing reifyNode:node_modules/vite Completed in 684ms
168 timing reifyNode:node_modules/@babel/parser Completed in 683ms
169 timing reifyNode:node_modules/@esbuild/linux-x64 Completed in 696ms
170 timing reify:unpack Completed in 701ms
171 timing reify:unretire Completed in 1ms
172 timing build:queue Completed in 3ms
173 timing build:link:node_modules/@babel/parser Completed in 4ms
174 timing build:link:node_modules/esbuild Completed in 3ms
175 timing build:link:node_modules/nanoid Completed in 3ms
176 timing build:link:node_modules/vite Completed in 3ms
177 timing build:link:node_modules/rollup Completed in 3ms
178 timing build:link Completed in 4ms
179 info run esbuild@0.18.17 postinstall node_modules/esbuild node install.js
180 info run esbuild@0.18.17 postinstall { code: 0, signal: null }
181 timing build:run:postinstall:node_modules/esbuild Completed in 126ms
182 timing build:run:postinstall Completed in 127ms
183 timing build:deps Completed in 134ms
184 timing build Completed in 134ms
185 timing reify:build Completed in 134ms
186 timing reify:trash Completed in 1ms
187 timing reify Completed in 877ms
188 silly ADD node_modules/vue
189 silly ADD node_modules/vite-plugin-full-reload
190 silly ADD node_modules/vite
191 silly ADD node_modules/source-map-js
192 silly ADD node_modules/side-channel
193 silly ADD node_modules/rollup
194 silly ADD node_modules/qs
195 silly ADD node_modules/proxy-from-env
196 silly ADD node_modules/postcss
197 silly ADD node_modules/picomatch
198 silly ADD node_modules/picocolors
199 silly ADD node_modules/object-inspect
200 silly ADD node_modules/nprogress
201 silly ADD node_modules/nanoid
202 silly ADD node_modules/mime-types
203 silly ADD node_modules/mime-db
204 silly ADD node_modules/magic-string
205 silly ADD node_modules/lodash.isequal
206 silly ADD node_modules/lodash.clonedeep
207 silly ADD node_modules/laravel-vite-plugin
208 silly ADD node_modules/has-symbols
209 silly ADD node_modules/has-proto
210 silly ADD node_modules/has
211 silly ADD node_modules/get-intrinsic
212 silly ADD node_modules/function-bind
213 silly ADD
214 silly ADD node_modules/form-data
215 silly ADD node_modules/follow-redirects
216 silly ADD node_modules/estree-walker
217 silly ADD node_modules/esbuild
218 silly ADD node_modules/delayed-stream
219 silly ADD node_modules/deepmerge
220 silly ADD node_modules/csstype
221 silly ADD node_modules/combined-stream
222 silly ADD node_modules/call-bind
223 silly ADD node_modules/axios
224 silly ADD node_modules/asynckit
225 silly ADD node_modules/@vue/shared
226 silly ADD node_modules/@vue/server-renderer
227 silly ADD node_modules/@vue/runtime-dom
228 silly ADD node_modules/@vue/runtime-core
229 silly ADD node_modules/@vue/reactivity-transform
230 silly ADD node_modules/@vue/reactivity
231 silly ADD node_modules/@vue/compiler-ssr
232 silly ADD node_modules/@vue/compiler-sfc
233 silly ADD node_modules/@vue/compiler-dom
234 silly ADD node_modules/@vue/compiler-core
235 silly ADD node_modules/@jridgewell/sourcemap-codec
236 silly ADD node_modules/@inertiajs/vue3
237 silly ADD node_modules/@inertiajs/core
238 silly ADD
239 silly ADD
240 silly ADD
241 silly ADD
242 silly ADD
243 silly ADD
244 silly ADD node_modules/@esbuild/linux-x64
245 silly ADD
246 silly ADD
247 silly ADD
248 silly ADD
249 silly ADD
250 silly ADD
251 silly ADD
252 silly ADD
253 silly ADD
254 silly ADD
255 silly ADD
256 silly ADD
257 silly ADD
258 silly ADD
259 silly ADD
260 silly ADD node_modules/@babel/parser
261 timing command:ci Completed in 1121ms
262 verbose exit 0
263 timing npm Completed in 1286ms
264 info ok
