0 verbose cli /usr/bin/node /usr/bin/npm
1 info using npm@9.7.2
2 info using node@v18.16.1
3 timing npm:load:whichnode Completed in 1ms
4 timing config:load:defaults Completed in 2ms
5 timing config:load:file:/usr/lib/node_modules/npm/npmrc Completed in 1ms
6 timing config:load:builtin Completed in 1ms
7 timing config:load:cli Completed in 2ms
8 timing config:load:env Completed in 0ms
9 timing config:load:file:/var/www/.npmrc Completed in 1ms
10 timing config:load:project Completed in 3ms
11 timing config:load:file:/var/www/.home/.npmrc Completed in 0ms
12 timing config:load:user Completed in 0ms
13 timing config:load:file:/usr/etc/npmrc Completed in 0ms
14 timing config:load:global Completed in 0ms
15 timing config:load:setEnvs Completed in 1ms
16 timing config:load Completed in 9ms
17 timing npm:load:configload Completed in 9ms
18 timing config:load:flatten Completed in 2ms
19 timing npm:load:mkdirpcache Completed in 0ms
20 timing npm:load:mkdirplogs Completed in 0ms
21 verbose title npm install vue@next
22 verbose argv "install" "vue@next"
23 timing npm:load:setTitle Completed in 1ms
24 timing npm:load:display Completed in 0ms
25 verbose logfile logs-max:10 dir:/var/www/.home/.npm/_logs/2023-07-27T15_14_58_624Z-
26 verbose logfile /var/www/.home/.npm/_logs/2023-07-27T15_14_58_624Z-debug-0.log
27 timing npm:load:logFile Completed in 6ms
28 timing npm:load:timers Completed in 0ms
29 timing npm:load:configScope Completed in 0ms
30 timing npm:load Completed in 59ms
31 timing arborist:ctor Completed in 0ms
32 silly logfile done cleaning log files
33 timing idealTree:init Completed in 70ms
34 timing arborist:ctor Completed in 0ms
35 http fetch GET 200 https://registry.npmjs.org/vue 134ms (cache revalidated)
36 timing idealTree:userRequests Completed in 141ms
37 silly idealTree buildDeps
38 silly fetch manifest vue@3.2.36
39 silly placeDep ROOT vue@3.2.36 REPLACE for:  want: 3.2.36
40 silly fetch manifest @vue/shared@3.2.36
41 silly fetch manifest @vue/compiler-dom@3.2.36
42 silly fetch manifest @vue/runtime-dom@3.2.36
43 silly fetch manifest @vue/compiler-sfc@3.2.36
44 silly fetch manifest @vue/server-renderer@3.2.36
45 http fetch GET 200 https://registry.npmjs.org/@vue%2fcompiler-sfc 56ms (cache revalidated)
46 http fetch GET 200 https://registry.npmjs.org/@vue%2fshared 67ms (cache revalidated)
47 http fetch GET 200 https://registry.npmjs.org/@vue%2fserver-renderer 69ms (cache revalidated)
48 http fetch GET 200 https://registry.npmjs.org/@vue%2fruntime-dom 75ms (cache revalidated)
49 http fetch GET 200 https://registry.npmjs.org/@vue%2fcompiler-dom 78ms (cache revalidated)
50 timing idealTree:#root Completed in 84ms
51 silly placeDep ROOT @vue/compiler-dom@3.2.36 OK for: vue@3.2.36 want: 3.2.36
52 silly fetch manifest @vue/compiler-core@3.2.36
53 silly placeDep ROOT @vue/compiler-sfc@3.2.36 OK for: vue@3.2.36 want: 3.2.36
54 silly fetch manifest @babel/parser@^7.16.4
55 silly fetch manifest @vue/compiler-ssr@3.2.36
56 silly fetch manifest @vue/reactivity-transform@3.2.36
57 silly fetch manifest estree-walker@^2.0.2
58 silly fetch manifest magic-string@^0.25.7
59 silly fetch manifest source-map@^0.6.1
60 silly placeDep ROOT @vue/runtime-dom@3.2.36 OK for: vue@3.2.36 want: 3.2.36
61 silly fetch manifest @vue/runtime-core@3.2.36
62 silly fetch manifest csstype@^2.6.8
63 silly placeDep ROOT @vue/server-renderer@3.2.36 OK for: vue@3.2.36 want: 3.2.36
64 silly placeDep ROOT @vue/shared@3.2.36 OK for: vue@3.2.36 want: 3.2.36
65 http fetch GET 200 https://registry.npmjs.org/source-map 42ms (cache miss)
66 http fetch GET 200 https://registry.npmjs.org/magic-string 63ms (cache revalidated)
67 http fetch GET 200 https://registry.npmjs.org/estree-walker 66ms (cache revalidated)
68 http fetch GET 200 https://registry.npmjs.org/csstype 65ms (cache revalidated)
69 http fetch GET 200 https://registry.npmjs.org/@vue%2fcompiler-core 77ms (cache revalidated)
70 http fetch GET 200 https://registry.npmjs.org/@babel%2fparser 76ms (cache revalidated)
71 http fetch GET 200 https://registry.npmjs.org/@vue%2freactivity-transform 81ms (cache revalidated)
72 http fetch GET 200 https://registry.npmjs.org/@vue%2fruntime-core 93ms (cache revalidated)
73 http fetch GET 200 https://registry.npmjs.org/@vue%2fcompiler-ssr 749ms (cache revalidated)
74 timing idealTree:node_modules/vue Completed in 757ms
75 silly placeDep ROOT @vue/compiler-core@3.2.36 OK for: @vue/compiler-dom@3.2.36 want: 3.2.36
76 timing idealTree:node_modules/@vue/compiler-dom Completed in 2ms
77 silly placeDep ROOT @babel/parser@7.22.7 OK for: @vue/compiler-core@3.2.36 want: ^7.16.4
78 silly placeDep ROOT estree-walker@2.0.2 OK for: @vue/compiler-core@3.2.36 want: ^2.0.2
79 silly placeDep ROOT source-map@0.6.1 OK for: @vue/compiler-core@3.2.36 want: ^0.6.1
80 timing idealTree:node_modules/@vue/compiler-core Completed in 4ms
81 timing idealTree:node_modules/@babel/parser Completed in 0ms
82 silly placeDep ROOT @vue/compiler-ssr@3.2.36 OK for: @vue/compiler-sfc@3.2.36 want: 3.2.36
83 silly placeDep ROOT @vue/reactivity-transform@3.2.36 OK for: @vue/compiler-sfc@3.2.36 want: 3.2.36
84 silly placeDep ROOT magic-string@0.25.9 OK for: @vue/compiler-sfc@3.2.36 want: ^0.25.7
85 silly fetch manifest sourcemap-codec@^1.4.8
86 http fetch GET 200 https://registry.npmjs.org/sourcemap-codec 32ms (cache miss)
87 timing idealTree:node_modules/@vue/compiler-sfc Completed in 38ms
88 timing idealTree:node_modules/@vue/compiler-ssr Completed in 0ms
89 timing idealTree:node_modules/@vue/reactivity-transform Completed in 1ms
90 silly placeDep ROOT @vue/runtime-core@3.2.36 OK for: @vue/runtime-dom@3.2.36 want: 3.2.36
91 silly fetch manifest @vue/reactivity@3.2.36
92 silly placeDep ROOT csstype@2.6.21 OK for: @vue/runtime-dom@3.2.36 want: ^2.6.8
93 http fetch GET 200 https://registry.npmjs.org/@vue%2freactivity 68ms (cache revalidated)
94 timing idealTree:node_modules/@vue/runtime-dom Completed in 71ms
95 silly placeDep ROOT @vue/reactivity@3.2.36 OK for: @vue/runtime-core@3.2.36 want: 3.2.36
96 timing idealTree:node_modules/@vue/runtime-core Completed in 2ms
97 timing idealTree:node_modules/@vue/reactivity Completed in 0ms
98 timing idealTree:node_modules/@vue/server-renderer Completed in 0ms
99 timing idealTree:node_modules/@vue/shared Completed in 0ms
100 timing idealTree:node_modules/csstype Completed in 0ms
101 timing idealTree:node_modules/estree-walker Completed in 0ms
102 silly placeDep ROOT sourcemap-codec@1.4.8 OK for: magic-string@0.25.9 want: ^1.4.8
103 timing idealTree:node_modules/magic-string Completed in 2ms
104 timing idealTree:node_modules/source-map Completed in 0ms
105 timing idealTree:node_modules/sourcemap-codec Completed in 0ms
106 timing idealTree:buildDeps Completed in 963ms
107 timing idealTree:fixDepFlags Completed in 1ms
108 timing idealTree Completed in 1178ms
109 timing reify:loadTrees Completed in 1178ms
110 timing reify:diffTrees Completed in 4ms
111 silly reify mark retired [ '/var/www/node_modules/@jridgewell/sourcemap-codec' ]
112 silly reify mark retired [ '/var/www/node_modules/@vue/compiler-core' ]
113 silly reify mark retired [ '/var/www/node_modules/@vue/compiler-dom' ]
114 silly reify mark retired [ '/var/www/node_modules/@vue/compiler-sfc' ]
115 silly reify mark retired [ '/var/www/node_modules/@vue/compiler-ssr' ]
116 silly reify mark retired [ '/var/www/node_modules/@vue/reactivity' ]
117 silly reify mark retired [ '/var/www/node_modules/@vue/reactivity-transform' ]
118 silly reify mark retired [ '/var/www/node_modules/@vue/runtime-core' ]
119 silly reify mark retired [ '/var/www/node_modules/@vue/runtime-dom' ]
120 silly reify mark retired [ '/var/www/node_modules/@vue/server-renderer' ]
121 silly reify mark retired [ '/var/www/node_modules/@vue/shared' ]
122 silly reify mark retired [ '/var/www/node_modules/csstype' ]
123 silly reify mark retired [ '/var/www/node_modules/magic-string' ]
124 silly reify mark retired [ '/var/www/node_modules/vue' ]
125 silly reify moves {
125 silly reify   '/var/www/node_modules/@jridgewell/sourcemap-codec': '/var/www/node_modules/@jridgewell/.sourcemap-codec-aiZCUkIR',
125 silly reify   '/var/www/node_modules/@vue/compiler-core': '/var/www/node_modules/@vue/.compiler-core-1S1tPC0H',
125 silly reify   '/var/www/node_modules/@vue/compiler-dom': '/var/www/node_modules/@vue/.compiler-dom-i4leMUSS',
125 silly reify   '/var/www/node_modules/@vue/compiler-sfc': '/var/www/node_modules/@vue/.compiler-sfc-CDmNkgVN',
125 silly reify   '/var/www/node_modules/@vue/compiler-ssr': '/var/www/node_modules/@vue/.compiler-ssr-stwq2Bqs',
125 silly reify   '/var/www/node_modules/@vue/reactivity': '/var/www/node_modules/@vue/.reactivity-bgu17n9d',
125 silly reify   '/var/www/node_modules/@vue/reactivity-transform': '/var/www/node_modules/@vue/.reactivity-transform-sWhAvEHO',
125 silly reify   '/var/www/node_modules/@vue/runtime-core': '/var/www/node_modules/@vue/.runtime-core-nMvEYccO',
125 silly reify   '/var/www/node_modules/@vue/runtime-dom': '/var/www/node_modules/@vue/.runtime-dom-6Ty0xX4Y',
125 silly reify   '/var/www/node_modules/@vue/server-renderer': '/var/www/node_modules/@vue/.server-renderer-5JACf9rd',
125 silly reify   '/var/www/node_modules/@vue/shared': '/var/www/node_modules/@vue/.shared-02RzcKRz',
125 silly reify   '/var/www/node_modules/csstype': '/var/www/node_modules/.csstype-s0QN3JtM',
125 silly reify   '/var/www/node_modules/magic-string': '/var/www/node_modules/.magic-string-sVzh4jOH',
125 silly reify   '/var/www/node_modules/vue': '/var/www/node_modules/.vue-zMypwrhL'
125 silly reify }
126 timing reify:retireShallow Completed in 7ms
127 timing reify:createSparse Completed in 3ms
128 timing reify:loadBundles Completed in 0ms
129 silly audit bulk request {
129 silly audit   '@esbuild/android-arm': [ '0.18.17' ],
129 silly audit   '@esbuild/android-arm64': [ '0.18.17' ],
129 silly audit   '@esbuild/android-x64': [ '0.18.17' ],
129 silly audit   '@esbuild/darwin-arm64': [ '0.18.17' ],
129 silly audit   '@esbuild/darwin-x64': [ '0.18.17' ],
129 silly audit   '@esbuild/freebsd-arm64': [ '0.18.17' ],
129 silly audit   '@esbuild/freebsd-x64': [ '0.18.17' ],
129 silly audit   '@esbuild/linux-arm': [ '0.18.17' ],
129 silly audit   '@esbuild/linux-arm64': [ '0.18.17' ],
129 silly audit   '@esbuild/linux-ia32': [ '0.18.17' ],
129 silly audit   '@esbuild/linux-loong64': [ '0.18.17' ],
129 silly audit   '@esbuild/linux-mips64el': [ '0.18.17' ],
129 silly audit   '@esbuild/linux-ppc64': [ '0.18.17' ],
129 silly audit   '@esbuild/linux-riscv64': [ '0.18.17' ],
129 silly audit   '@esbuild/linux-s390x': [ '0.18.17' ],
129 silly audit   '@esbuild/linux-x64': [ '0.18.17' ],
129 silly audit   '@esbuild/netbsd-x64': [ '0.18.17' ],
129 silly audit   '@esbuild/openbsd-x64': [ '0.18.17' ],
129 silly audit   '@esbuild/sunos-x64': [ '0.18.17' ],
129 silly audit   '@esbuild/win32-arm64': [ '0.18.17' ],
129 silly audit   '@esbuild/win32-ia32': [ '0.18.17' ],
129 silly audit   '@esbuild/win32-x64': [ '0.18.17' ],
129 silly audit   '@inertiajs/core': [ '1.0.9' ],
129 silly audit   '@inertiajs/vue3': [ '1.0.9' ],
129 silly audit   asynckit: [ '0.4.0' ],
129 silly audit   axios: [ '1.4.0' ],
129 silly audit   'call-bind': [ '1.0.2' ],
129 silly audit   'combined-stream': [ '1.0.8' ],
129 silly audit   deepmerge: [ '4.3.1' ],
129 silly audit   'delayed-stream': [ '1.0.0' ],
129 silly audit   esbuild: [ '0.18.17' ],
129 silly audit   'follow-redirects': [ '1.15.2' ],
129 silly audit   'form-data': [ '4.0.0' ],
129 silly audit   fsevents: [ '2.3.2' ],
129 silly audit   'function-bind': [ '1.1.1' ],
129 silly audit   'get-intrinsic': [ '1.2.1' ],
129 silly audit   has: [ '1.0.3' ],
129 silly audit   'has-proto': [ '1.0.1' ],
129 silly audit   'has-symbols': [ '1.0.3' ],
129 silly audit   'laravel-vite-plugin': [ '0.7.8' ],
129 silly audit   'lodash.clonedeep': [ '4.5.0' ],
129 silly audit   'lodash.isequal': [ '4.5.0' ],
129 silly audit   'mime-db': [ '1.52.0' ],
129 silly audit   'mime-types': [ '2.1.35' ],
129 silly audit   nanoid: [ '3.3.6' ],
129 silly audit   nprogress: [ '0.2.0' ],
129 silly audit   'object-inspect': [ '1.12.3' ],
129 silly audit   picocolors: [ '1.0.0' ],
129 silly audit   picomatch: [ '2.3.1' ],
129 silly audit   postcss: [ '8.4.27' ],
129 silly audit   'proxy-from-env': [ '1.1.0' ],
129 silly audit   qs: [ '6.11.2' ],
129 silly audit   rollup: [ '3.26.3' ],
129 silly audit   'side-channel': [ '1.0.4' ],
129 silly audit   'source-map-js': [ '1.0.2' ],
129 silly audit   vite: [ '4.4.7' ],
129 silly audit   'vite-plugin-full-reload': [ '1.0.5' ],
129 silly audit   vue: [ '3.2.36' ],
129 silly audit   '@vue/compiler-dom': [ '3.2.36' ],
129 silly audit   '@vue/compiler-sfc': [ '3.2.36' ],
129 silly audit   '@vue/runtime-dom': [ '3.2.36' ],
129 silly audit   '@vue/server-renderer': [ '3.2.36' ],
129 silly audit   '@vue/shared': [ '3.2.36' ],
129 silly audit   '@vue/compiler-core': [ '3.2.36' ],
129 silly audit   '@babel/parser': [ '7.22.7' ],
129 silly audit   'estree-walker': [ '2.0.2' ],
129 silly audit   'source-map': [ '0.6.1' ],
129 silly audit   '@vue/compiler-ssr': [ '3.2.36' ],
129 silly audit   '@vue/reactivity-transform': [ '3.2.36' ],
129 silly audit   'magic-string': [ '0.25.9' ],
129 silly audit   '@vue/runtime-core': [ '3.2.36' ],
129 silly audit   csstype: [ '2.6.21' ],
129 silly audit   '@vue/reactivity': [ '3.2.36' ],
129 silly audit   'sourcemap-codec': [ '1.4.8' ]
129 silly audit }
130 verbose reify failed optional dependency /var/www/node_modules/fsevents
131 silly reify mark deleted [ '/var/www/node_modules/fsevents' ]
132 verbose reify failed optional dependency /var/www/node_modules/@esbuild/win32-x64
133 silly reify mark deleted [ '/var/www/node_modules/@esbuild/win32-x64' ]
134 verbose reify failed optional dependency /var/www/node_modules/@esbuild/win32-ia32
135 silly reify mark deleted [ '/var/www/node_modules/@esbuild/win32-ia32' ]
136 verbose reify failed optional dependency /var/www/node_modules/@esbuild/win32-arm64
137 silly reify mark deleted [ '/var/www/node_modules/@esbuild/win32-arm64' ]
138 verbose reify failed optional dependency /var/www/node_modules/@esbuild/sunos-x64
139 silly reify mark deleted [ '/var/www/node_modules/@esbuild/sunos-x64' ]
140 verbose reify failed optional dependency /var/www/node_modules/@esbuild/openbsd-x64
141 silly reify mark deleted [ '/var/www/node_modules/@esbuild/openbsd-x64' ]
142 verbose reify failed optional dependency /var/www/node_modules/@esbuild/netbsd-x64
143 silly reify mark deleted [ '/var/www/node_modules/@esbuild/netbsd-x64' ]
144 verbose reify failed optional dependency /var/www/node_modules/@esbuild/linux-s390x
145 silly reify mark deleted [ '/var/www/node_modules/@esbuild/linux-s390x' ]
146 verbose reify failed optional dependency /var/www/node_modules/@esbuild/linux-riscv64
147 silly reify mark deleted [ '/var/www/node_modules/@esbuild/linux-riscv64' ]
148 verbose reify failed optional dependency /var/www/node_modules/@esbuild/linux-ppc64
149 silly reify mark deleted [ '/var/www/node_modules/@esbuild/linux-ppc64' ]
150 verbose reify failed optional dependency /var/www/node_modules/@esbuild/linux-mips64el
151 silly reify mark deleted [ '/var/www/node_modules/@esbuild/linux-mips64el' ]
152 verbose reify failed optional dependency /var/www/node_modules/@esbuild/linux-loong64
153 silly reify mark deleted [ '/var/www/node_modules/@esbuild/linux-loong64' ]
154 verbose reify failed optional dependency /var/www/node_modules/@esbuild/linux-ia32
155 silly reify mark deleted [ '/var/www/node_modules/@esbuild/linux-ia32' ]
156 verbose reify failed optional dependency /var/www/node_modules/@esbuild/linux-arm64
157 silly reify mark deleted [ '/var/www/node_modules/@esbuild/linux-arm64' ]
158 verbose reify failed optional dependency /var/www/node_modules/@esbuild/linux-arm
159 silly reify mark deleted [ '/var/www/node_modules/@esbuild/linux-arm' ]
160 verbose reify failed optional dependency /var/www/node_modules/@esbuild/freebsd-x64
161 silly reify mark deleted [ '/var/www/node_modules/@esbuild/freebsd-x64' ]
162 verbose reify failed optional dependency /var/www/node_modules/@esbuild/freebsd-arm64
163 silly reify mark deleted [ '/var/www/node_modules/@esbuild/freebsd-arm64' ]
164 verbose reify failed optional dependency /var/www/node_modules/@esbuild/darwin-x64
165 silly reify mark deleted [ '/var/www/node_modules/@esbuild/darwin-x64' ]
166 verbose reify failed optional dependency /var/www/node_modules/@esbuild/darwin-arm64
167 silly reify mark deleted [ '/var/www/node_modules/@esbuild/darwin-arm64' ]
168 verbose reify failed optional dependency /var/www/node_modules/@esbuild/android-x64
169 silly reify mark deleted [ '/var/www/node_modules/@esbuild/android-x64' ]
170 verbose reify failed optional dependency /var/www/node_modules/@esbuild/android-arm64
171 silly reify mark deleted [ '/var/www/node_modules/@esbuild/android-arm64' ]
172 verbose reify failed optional dependency /var/www/node_modules/@esbuild/android-arm
173 silly reify mark deleted [ '/var/www/node_modules/@esbuild/android-arm' ]
174 timing reifyNode:node_modules/fsevents Completed in 19ms
175 timing reifyNode:node_modules/@esbuild/win32-x64 Completed in 19ms
176 timing reifyNode:node_modules/@esbuild/win32-ia32 Completed in 18ms
177 timing reifyNode:node_modules/@esbuild/win32-arm64 Completed in 18ms
178 timing reifyNode:node_modules/@esbuild/sunos-x64 Completed in 18ms
179 timing reifyNode:node_modules/@esbuild/openbsd-x64 Completed in 18ms
180 timing reifyNode:node_modules/@esbuild/netbsd-x64 Completed in 17ms
181 timing reifyNode:node_modules/@esbuild/linux-s390x Completed in 17ms
182 timing reifyNode:node_modules/@esbuild/linux-riscv64 Completed in 17ms
183 timing reifyNode:node_modules/@esbuild/linux-ppc64 Completed in 17ms
184 timing reifyNode:node_modules/@esbuild/linux-mips64el Completed in 18ms
185 timing reifyNode:node_modules/@esbuild/linux-loong64 Completed in 18ms
186 timing reifyNode:node_modules/@esbuild/linux-ia32 Completed in 17ms
187 timing reifyNode:node_modules/@esbuild/linux-arm64 Completed in 17ms
188 timing reifyNode:node_modules/@esbuild/linux-arm Completed in 17ms
189 timing reifyNode:node_modules/@esbuild/freebsd-x64 Completed in 17ms
190 timing reifyNode:node_modules/@esbuild/freebsd-arm64 Completed in 17ms
191 timing reifyNode:node_modules/@esbuild/darwin-x64 Completed in 17ms
192 timing reifyNode:node_modules/@esbuild/darwin-arm64 Completed in 17ms
193 timing reifyNode:node_modules/@esbuild/android-x64 Completed in 17ms
194 timing reifyNode:node_modules/@esbuild/android-arm64 Completed in 17ms
195 timing reifyNode:node_modules/@esbuild/android-arm Completed in 16ms
196 silly tarball no local data for sourcemap-codec@https://registry.npmjs.org/sourcemap-codec/-/sourcemap-codec-1.4.8.tgz. Extracting by manifest.
197 silly tarball no local data for csstype@https://registry.npmjs.org/csstype/-/csstype-2.6.21.tgz. Extracting by manifest.
198 silly tarball no local data for vue@https://registry.npmjs.org/vue/-/vue-3.2.36.tgz. Extracting by manifest.
199 silly tarball no local data for @vue/shared@https://registry.npmjs.org/@vue/shared/-/shared-3.2.36.tgz. Extracting by manifest.
200 silly tarball no local data for source-map@https://registry.npmjs.org/source-map/-/source-map-0.6.1.tgz. Extracting by manifest.
201 silly tarball no local data for @vue/server-renderer@https://registry.npmjs.org/@vue/server-renderer/-/server-renderer-3.2.36.tgz. Extracting by manifest.
202 silly tarball no local data for @vue/runtime-dom@https://registry.npmjs.org/@vue/runtime-dom/-/runtime-dom-3.2.36.tgz. Extracting by manifest.
203 silly tarball no local data for magic-string@https://registry.npmjs.org/magic-string/-/magic-string-0.25.9.tgz. Extracting by manifest.
204 silly tarball no local data for @vue/reactivity-transform@https://registry.npmjs.org/@vue/reactivity-transform/-/reactivity-transform-3.2.36.tgz. Extracting by manifest.
205 silly tarball no local data for @vue/reactivity@https://registry.npmjs.org/@vue/reactivity/-/reactivity-3.2.36.tgz. Extracting by manifest.
206 silly tarball no local data for @vue/runtime-core@https://registry.npmjs.org/@vue/runtime-core/-/runtime-core-3.2.36.tgz. Extracting by manifest.
207 silly tarball no local data for @vue/compiler-ssr@https://registry.npmjs.org/@vue/compiler-ssr/-/compiler-ssr-3.2.36.tgz. Extracting by manifest.
208 silly tarball no local data for @vue/compiler-sfc@https://registry.npmjs.org/@vue/compiler-sfc/-/compiler-sfc-3.2.36.tgz. Extracting by manifest.
209 silly tarball no local data for @vue/compiler-dom@https://registry.npmjs.org/@vue/compiler-dom/-/compiler-dom-3.2.36.tgz. Extracting by manifest.
210 silly tarball no local data for @vue/compiler-core@https://registry.npmjs.org/@vue/compiler-core/-/compiler-core-3.2.36.tgz. Extracting by manifest.
211 http fetch GET 200 https://registry.npmjs.org/sourcemap-codec/-/sourcemap-codec-1.4.8.tgz 123ms (cache miss)
212 warn deprecated sourcemap-codec@1.4.8: Please use @jridgewell/sourcemap-codec instead
213 timing reifyNode:node_modules/sourcemap-codec Completed in 150ms
214 http fetch GET 200 https://registry.npmjs.org/magic-string/-/magic-string-0.25.9.tgz 130ms (cache miss)
215 timing reifyNode:node_modules/magic-string Completed in 161ms
216 http fetch POST 200 https://registry.npmjs.org/-/npm/v1/security/advisories/bulk 245ms
217 timing auditReport:getReport Completed in 248ms
218 silly audit report {}
219 timing auditReport:init Completed in 0ms
220 timing reify:audit Completed in 249ms
221 http fetch GET 200 https://registry.npmjs.org/source-map/-/source-map-0.6.1.tgz 220ms (cache miss)
222 timing reifyNode:node_modules/source-map Completed in 252ms
223 http fetch GET 200 https://registry.npmjs.org/@vue/runtime-dom/-/runtime-dom-3.2.36.tgz 228ms (cache miss)
224 timing reifyNode:node_modules/@vue/runtime-dom Completed in 257ms
225 http fetch GET 200 https://registry.npmjs.org/csstype/-/csstype-2.6.21.tgz 236ms (cache miss)
226 timing reifyNode:node_modules/csstype Completed in 260ms
227 http fetch GET 200 https://registry.npmjs.org/vue/-/vue-3.2.36.tgz 243ms (cache miss)
228 timing reifyNode:node_modules/vue Completed in 270ms
229 http fetch GET 200 https://registry.npmjs.org/@vue/reactivity-transform/-/reactivity-transform-3.2.36.tgz 304ms (cache miss)
230 timing reifyNode:node_modules/@vue/reactivity-transform Completed in 335ms
231 http fetch GET 200 https://registry.npmjs.org/@vue/server-renderer/-/server-renderer-3.2.36.tgz 309ms (cache miss)
232 timing reifyNode:node_modules/@vue/server-renderer Completed in 337ms
233 http fetch GET 200 https://registry.npmjs.org/@vue/compiler-ssr/-/compiler-ssr-3.2.36.tgz 717ms (cache miss)
234 timing reifyNode:node_modules/@vue/compiler-ssr Completed in 751ms
235 http fetch GET 200 https://registry.npmjs.org/@vue/reactivity/-/reactivity-3.2.36.tgz 731ms (cache miss)
236 timing reifyNode:node_modules/@vue/reactivity Completed in 763ms
237 http fetch GET 200 https://registry.npmjs.org/@vue/compiler-dom/-/compiler-dom-3.2.36.tgz 740ms (cache miss)
238 timing reifyNode:node_modules/@vue/compiler-dom Completed in 779ms
239 http fetch GET 200 https://registry.npmjs.org/@vue/shared/-/shared-3.2.36.tgz 821ms (cache miss)
240 timing reifyNode:node_modules/@vue/shared Completed in 847ms
241 http fetch GET 200 https://registry.npmjs.org/@vue/compiler-core/-/compiler-core-3.2.36.tgz 809ms (cache miss)
242 timing reifyNode:node_modules/@vue/compiler-core Completed in 847ms
243 http fetch GET 200 https://registry.npmjs.org/@vue/compiler-sfc/-/compiler-sfc-3.2.36.tgz 814ms (cache miss)
244 timing reifyNode:node_modules/@vue/compiler-sfc Completed in 849ms
245 http fetch GET 200 https://registry.npmjs.org/@vue/runtime-core/-/runtime-core-3.2.36.tgz 821ms (cache miss)
246 timing reifyNode:node_modules/@vue/runtime-core Completed in 855ms
247 timing reify:unpack Completed in 859ms
248 timing reify:unretire Completed in 1ms
249 timing build:queue Completed in 1ms
250 timing build:deps Completed in 1ms
251 timing build Completed in 1ms
252 timing reify:build Completed in 1ms
253 timing reify:trash Completed in 75ms
254 timing reify:save Completed in 22ms
255 timing reify Completed in 2174ms
256 silly ADD node_modules/sourcemap-codec
257 silly ADD node_modules/source-map
258 silly ADD
259 silly ADD
260 silly ADD
261 silly ADD
262 silly ADD
263 silly ADD
264 silly ADD
265 silly ADD
266 silly ADD
267 silly ADD
268 silly ADD
269 silly ADD
270 silly ADD
271 silly ADD
272 silly ADD
273 silly ADD
274 silly ADD
275 silly ADD
276 silly ADD
277 silly ADD
278 silly ADD
279 silly ADD
280 silly CHANGE node_modules/vue
281 silly CHANGE node_modules/magic-string
282 silly CHANGE node_modules/csstype
283 silly CHANGE node_modules/@vue/shared
284 silly CHANGE node_modules/@vue/server-renderer
285 silly CHANGE node_modules/@vue/runtime-dom
286 silly CHANGE node_modules/@vue/runtime-core
287 silly CHANGE node_modules/@vue/reactivity-transform
288 silly CHANGE node_modules/@vue/reactivity
289 silly CHANGE node_modules/@vue/compiler-ssr
290 silly CHANGE node_modules/@vue/compiler-sfc
291 silly CHANGE node_modules/@vue/compiler-dom
292 silly CHANGE node_modules/@vue/compiler-core
293 silly REMOVE node_modules/@jridgewell/sourcemap-codec
294 timing command:install Completed in 2182ms
295 verbose exit 0
296 timing npm Completed in 2372ms
297 info ok
